<?xml version="1.0" encoding="UTF-8"?>
<!-- Generated by org.testng.reporters.JUnitReportReporter -->
<testsuite hostname="vishnu-PC" failures="0" tests="3" name="TestTut.Tut1.First1" time="0.038" errors="0" timestamp="04 Mar 2018 03:26:14 GMT" skipped="0">
  <testcase classname="TestTut.Tut1.First1" name="t" time="0.014"/>
  <testcase classname="TestTut.Tut1.First1" name="f" time="0.014"/>
  <testcase classname="TestTut.Tut1.First1" name="s" time="0.010"/>
</testsuite> <!-- TestTut.Tut1.First1 -->
