<?xml version="1.0" encoding="UTF-8"?>
<!-- Generated by org.testng.reporters.JUnitReportReporter -->
<testsuite hostname="vishnu-PC" failures="0" tests="1" name="TestTut.Tut1.First2" time="0.000" errors="0" timestamp="04 Mar 2018 01:40:05 GMT" skipped="1">
  <testcase classname="TestTut.Tut1.First2" name="f" time="0.000">
    <skipped/>
  </testcase> <!-- f -->
</testsuite> <!-- TestTut.Tut1.First2 -->
