<?xml version="1.0" encoding="UTF-8"?>
<!-- Generated by org.testng.reporters.JUnitReportReporter -->
<testsuite hostname="vishnu-PC" failures="0" tests="1" name="TestTut.Tut1.BaseClass" time="30.838" errors="0" timestamp="04 Mar 2018 01:58:00 GMT" skipped="0">
  <testcase classname="TestTut.Tut1.BaseClass" name="test" time="30.838"/>
</testsuite> <!-- TestTut.Tut1.BaseClass -->
