<?xml version="1.0" encoding="UTF-8"?>
<!-- Generated by org.testng.reporters.JUnitReportReporter -->
<testsuite skipped="0" hostname="BDC4A-L-5465CDZ" name="com.tests.GroupTest" tests="1" failures="0" timestamp="01 Nov 2017 06:39:02 GMT" time="0.015" errors="0">
  <testcase name="test10001" time="0.015" classname="com.tests.GroupTest"/>
</testsuite> <!-- com.tests.GroupTest -->
