<?xml version="1.0" encoding="UTF-8"?>
<!-- Generated by org.testng.reporters.JUnitReportReporter -->
<testsuite skipped="0" hostname="BDC4A-L-5465CDZ" name="com.tests.MercuryToursTest" tests="1" failures="0" timestamp="31 Oct 2017 07:01:59 GMT" time="22.223" errors="0">
  <testcase name="testMercuryTours" time="22.223" classname="com.tests.MercuryToursTest"/>
</testsuite> <!-- com.tests.MercuryToursTest -->
